= Host-specific information ====================================================
$> hostname; uname -msr
e2r12p10.42.fr
Darwin 15.6.0 x86_64
$> date
Mon Mar 20 17:34:11 CET 2017
$> gcc --version
Configured with: --prefix=/Applications/Xcode.app/Contents/Developer/usr --with-gxx-include-dir=/usr/include/c++/4.2.1
Apple LLVM version 8.0.0 (clang-800.0.42.1)
Target: x86_64-apple-darwin15.6.0
Thread model: posix
InstalledDir: /Applications/Xcode.app/Contents/Developer/Toolchains/XcodeDefault.xctoolchain/usr/bin
$> clang --version
Apple LLVM version 8.0.0 (clang-800.0.42.1)
Target: x86_64-apple-darwin15.6.0
Thread model: posix
InstalledDir: /Applications/Xcode.app/Contents/Developer/Toolchains/XcodeDefault.xctoolchain/usr/bin

= User files collection ========================================================
Collecting user files from Vogsphere
Repository URL: auto-exam/2017/c-exam-beginner/practice-exam_20170320/jrasoloh

= Git history ==================================================================
$> git -C /var/folders/rc/bpv31f517070ktgvcgt0sg8c0000gr/T/tmp3qAbKL/user log --pretty='%H - %an, %ad : %s'
8daa1264834ac6c7368bf2b070f48f270fa533a8 - Jossy RASOLOHARIJAONA, Mon Mar 20 17:32:46 2017 +0100 : ex01
 
= Collected files ==========================================
$> ls -lAR /var/folders/rc/bpv31f517070ktgvcgt0sg8c0000gr/T/tmp3qAbKL/user
total 8
-rw-r--r--  1 deepthought  deepthought  215 Mar 20 17:34 __GIT_HISTORY
drwxr-xr-x  3 deepthought  deepthought  102 Mar 20 17:34 only_z

/var/folders/rc/bpv31f517070ktgvcgt0sg8c0000gr/T/tmp3qAbKL/user/only_z:
total 8
-rw-r--r--  1 deepthought  deepthought  69 Mar 20 17:34 only_z.c
 
= only_z =======================================================================
$> clang -Wextra -Wall -Werror only_z.c -o user_exe 

= Test 1 ===================================================
$> ./95odz11tubj74i0oqmaci26q 
$> diff -U 3 user_output_test1 test1.output | cat -e
--- user_output_test1	2017-03-20 17:34:13.000000000 +0100$
+++ test1.output	2017-03-20 17:34:12.000000000 +0100$
@@ -1 +1 @@$
-c$
\ No newline at end of file$
+z$
\ No newline at end of file$

Diff KO :(
Grade: 0

= Final grade: 0 ===============================================================
