= Host-specific information ====================================================
$> hostname; uname -msr
e2r2p7.42.fr
Darwin 15.6.0 x86_64
$> date
Tue Mar 14 15:41:44 CET 2017
$> gcc --version
Configured with: --prefix=/Applications/Xcode.app/Contents/Developer/usr --with-gxx-include-dir=/usr/include/c++/4.2.1
Apple LLVM version 8.0.0 (clang-800.0.42.1)
Target: x86_64-apple-darwin15.6.0
Thread model: posix
InstalledDir: /Applications/Xcode.app/Contents/Developer/Toolchains/XcodeDefault.xctoolchain/usr/bin
$> clang --version
Apple LLVM version 8.0.0 (clang-800.0.42.1)
Target: x86_64-apple-darwin15.6.0
Thread model: posix
InstalledDir: /Applications/Xcode.app/Contents/Developer/Toolchains/XcodeDefault.xctoolchain/usr/bin

= User files collection ========================================================
Collecting user files from Vogsphere
Repository URL: auto-exam/2017/c-exam-beginner/practice-exam_20170314/jrasoloh2

= Git history ==================================================================
$> git -C /var/folders/g0/8rq61tz14hzbhdqv_3ghqzxh0000gq/T/tmpDxSDmG/user log --pretty='%H - %an, %ad : %s'
764578b50ab77595af4e01d5a949a1b6450de2aa - Jossy RASOLOHARIJAONA, Tue Mar 14 15:41:14 2017 +0100 : max
cb8abf60a4ab4de753cbb41ce324d1f6198d90b5 - Jossy RASOLOHARIJAONA, Tue Mar 14 15:35:22 2017 +0100 : ex03
8bd76982e591f1c3f4c8540a4d03e1208f059f65 - Jossy RASOLOHARIJAONA, Tue Mar 14 15:02:36 2017 +0100 : ex02
1de4e6a60f8645b469a1f8a3c878720e0b7b9411 - Jossy RASOLOHARIJAONA, Tue Mar 14 14:31:03 2017 +0100 : ex00
 
= Collected files ==========================================
$> ls -lAR /var/folders/g0/8rq61tz14hzbhdqv_3ghqzxh0000gq/T/tmpDxSDmG/user
total 8
-rw-r--r--  1 deepthought  deepthought  961 Mar 14 15:41 __GIT_HISTORY
drwxr-xr-x  3 deepthought  deepthought  102 Mar 14 15:41 maff_revalpha
drwxr-xr-x  3 deepthought  deepthought  102 Mar 14 15:41 max
drwxr-xr-x  3 deepthought  deepthought  102 Mar 14 15:41 reverse_bits
drwxr-xr-x  3 deepthought  deepthought  102 Mar 14 15:41 search_and_replace

/var/folders/g0/8rq61tz14hzbhdqv_3ghqzxh0000gq/T/tmpDxSDmG/user/maff_revalpha:
total 8
-rw-r--r--  1 deepthought  deepthought  98 Mar 14 15:41 maff_revalpha.c

/var/folders/g0/8rq61tz14hzbhdqv_3ghqzxh0000gq/T/tmpDxSDmG/user/max:
total 8
-rw-r--r--  1 deepthought  deepthought  201 Mar 14 15:41 max.c

/var/folders/g0/8rq61tz14hzbhdqv_3ghqzxh0000gq/T/tmpDxSDmG/user/reverse_bits:
total 8
-rw-r--r--  1 deepthought  deepthought  243 Mar 14 15:41 reverse_bits.c

/var/folders/g0/8rq61tz14hzbhdqv_3ghqzxh0000gq/T/tmpDxSDmG/user/search_and_replace:
total 8
-rw-r--r--  1 deepthought  deepthought  639 Mar 14 15:41 search_and_replace.c
 
= max ==========================================================================
$> clang -Wextra -Wall -Werror main.c max.c -o user_exe 

= Test 1 ===================================================
$> ./0921ecxtansobl15xej024q4 
$> diff -U 3 user_output_test1 test1.output | cat -e

Diff OK :D
= Test 2 ===================================================
$> ./9cmg22xa5q1ry77ywp3ux0yn "-8"
$> diff -U 3 user_output_test2 test2.output | cat -e
--- user_output_test2	2017-03-14 15:41:46.000000000 +0100$
+++ test2.output	2017-03-14 15:41:46.000000000 +0100$
@@ -1 +1 @@$
-0$
+-8$

Diff KO :(
Grade: 0

= Final grade: 0 ===============================================================
