= Host-specific information ====================================================
$> hostname; uname -msr
e2r9p7.42.fr
Darwin 15.6.0 x86_64
$> date
Sun Mar 12 19:43:57 CET 2017
$> gcc --version
Configured with: --prefix=/Applications/Xcode.app/Contents/Developer/usr --with-gxx-include-dir=/usr/include/c++/4.2.1
Apple LLVM version 8.0.0 (clang-800.0.42.1)
Target: x86_64-apple-darwin15.6.0
Thread model: posix
InstalledDir: /Applications/Xcode.app/Contents/Developer/Toolchains/XcodeDefault.xctoolchain/usr/bin
$> clang --version
Apple LLVM version 8.0.0 (clang-800.0.42.1)
Target: x86_64-apple-darwin15.6.0
Thread model: posix
InstalledDir: /Applications/Xcode.app/Contents/Developer/Toolchains/XcodeDefault.xctoolchain/usr/bin

= User files collection ========================================================
Collecting user files from Vogsphere
Repository URL: auto-exam/2017/c-exam-beginner/practice-exam_20170312/jrasoloh

= Git history ==================================================================
$> git -C /var/folders/zr/n0rtp1lj4_jb6ksldvymw4040000gq/T/tmpJZn0w2/user log --pretty='%H - %an, %ad : %s'
ecf8cf26218f2e64a22181aa9b0f68f25eed480d - Jossy RASOLOHARIJAONA, Sun Mar 12 19:43:38 2017 +0100 : ex01 level02
9a6adc36aa419f54a6f2314baef784500932f41d - Jossy RASOLOHARIJAONA, Sun Mar 12 17:47:14 2017 +0100 : ex01 level01
64fcc0eafa0dc26dcafbba2507cfebdfdaea67aa - Jossy RASOLOHARIJAONA, Sun Mar 12 17:34:46 2017 +0100 : ex02 level00
24b28102f07ea33b5c1f388ba7115159cee3cf93 - Jossy RASOLOHARIJAONA, Sun Mar 12 17:26:06 2017 +0100 : ex01 level00
 
= Collected files ==========================================
$> ls -lAR /var/folders/zr/n0rtp1lj4_jb6ksldvymw4040000gq/T/tmpJZn0w2/user
total 8
-rw-r--r--  1 deepthought  deepthought  943 Mar 12 19:43 __GIT_HISTORY
drwxr-xr-x  3 deepthought  deepthought  102 Mar 12 19:43 aff_z
drwxr-xr-x  3 deepthought  deepthought  102 Mar 12 19:43 ft_strlen
drwxr-xr-x  3 deepthought  deepthought  102 Mar 12 19:43 only_a
drwxr-xr-x  3 deepthought  deepthought  102 Mar 12 19:43 print_bits

/var/folders/zr/n0rtp1lj4_jb6ksldvymw4040000gq/T/tmpJZn0w2/user/aff_z:
total 8
-rw-r--r--  1 deepthought  deepthought  93 Mar 12 19:43 aff_z.c

/var/folders/zr/n0rtp1lj4_jb6ksldvymw4040000gq/T/tmpJZn0w2/user/ft_strlen:
total 8
-rw-r--r--  1 deepthought  deepthought  103 Mar 12 19:43 ft_strlen.c

/var/folders/zr/n0rtp1lj4_jb6ksldvymw4040000gq/T/tmpJZn0w2/user/only_a:
total 8
-rw-r--r--  1 deepthought  deepthought  70 Mar 12 19:43 only_a.c

/var/folders/zr/n0rtp1lj4_jb6ksldvymw4040000gq/T/tmpJZn0w2/user/print_bits:
total 8
-rw-r--r--  1 deepthought  deepthought  426 Mar 12 19:43 print_bits.c
 
= print_bits ===================================================================
$> clang -Wextra -Wall -Werror main.c print_bits.c -o user_exe 

= Test 1 ===================================================
$> ./1kbyc028m6m29g7amhqwv5a9
$> diff -U 3 user_output_test1 test1.output | cat -e
--- user_output_test1	2017-03-12 19:43:59.000000000 +0100$
+++ test1.output	2017-03-12 19:43:59.000000000 +0100$
@@ -1,131 +1,131 @@$
-$
-$
-$
-$
-$
-$
-$
-$
-$
-$
-$
-$
-$
-$
-$
-$
-$
-$
-$
-$
-$
-$
-$
-$
-$
-$
-$
-$
-$
-$
-$
-$
-$
-$
-$
-$
-$
-$
-$
-$
-$
-$
-$
-$
-$
-$
-$
-$
-$
-$
-$
-$
-$
-$
-$
-$
-$
-$
-$
-$
-$
-$
-$
-$
-$
-$
-$
-$
-$
-$
-$
-$
-$
-$
-$
-$
-$
-$
-$
-$
-$
-$
-$
-$
-$
-$
-$
-$
-$
-$
-$
-$
-$
-$
-$
-$
-$
-$
-$
-$
-$
-$
-$
-$
-$
-$
-$
-$
-$
-$
-$
-$
-$
-$
-$
-$
-$
-$
-$
-$
-$
-$
-$
-$
-$
-$
-$
-$
+00000000$
+00000001$
+00000010$
+00000011$
+00000100$
+00000101$
+00000110$
+00000111$
+00001000$
+00001001$
+00001010$
+00001011$
+00001100$
+00001101$
+00001110$
+00001111$
+00010000$
+00010001$
+00010010$
+00010011$
+00010100$
+00010101$
+00010110$
+00010111$
+00011000$
+00011001$
+00011010$
+00011011$
+00011100$
+00011101$
+00011110$
+00011111$
+00100000$
+00100001$
+00100010$
+00100011$
+00100100$
+00100101$
+00100110$
+00100111$
+00101000$
+00101001$
+00101010$
+00101011$
+00101100$
+00101101$
+00101110$
+00101111$
+00110000$
+00110001$
+00110010$
+00110011$
+00110100$
+00110101$
+00110110$
+00110111$
+00111000$
+00111001$
+00111010$
+00111011$
+00111100$
+00111101$
+00111110$
+00111111$
+01000000$
+01000001$
+01000010$
+01000011$
+01000100$
+01000101$
+01000110$
+01000111$
+01001000$
+01001001$
+01001010$
+01001011$
+01001100$
+01001101$
+01001110$
+01001111$
+01010000$
+01010001$
+01010010$
+01010011$
+01010100$
+01010101$
+01010110$
+01010111$
+01011000$
+01011001$
+01011010$
+01011011$
+01011100$
+01011101$
+01011110$
+01011111$
+01100000$
+01100001$
+01100010$
+01100011$
+01100100$
+01100101$
+01100110$
+01100111$
+01101000$
+01101001$
+01101010$
+01101011$
+01101100$
+01101101$
+01101110$
+01101111$
+01110000$
+01110001$
+01110010$
+01110011$
+01110100$
+01110101$
+01110110$
+01110111$
+01111000$
+01111001$
+01111010$
+01111011$
+01111100$
+01111101$
+01111110$
+01111111$
 10000000$
 10000001$
 10000010$

Diff KO :(
Grade: 0

= Final grade: 0 ===============================================================
