= Host-specific information ====================================================
$> hostname; uname -msr
e1r3p19.42.fr
Darwin 15.6.0 x86_64
$> date
Tue Mar 14 15:35:41 CET 2017
$> gcc --version
Configured with: --prefix=/Applications/Xcode.app/Contents/Developer/usr --with-gxx-include-dir=/usr/include/c++/4.2.1
Apple LLVM version 8.0.0 (clang-800.0.42.1)
Target: x86_64-apple-darwin15.6.0
Thread model: posix
InstalledDir: /Applications/Xcode.app/Contents/Developer/Toolchains/XcodeDefault.xctoolchain/usr/bin
$> clang --version
Apple LLVM version 8.0.0 (clang-800.0.42.1)
Target: x86_64-apple-darwin15.6.0
Thread model: posix
InstalledDir: /Applications/Xcode.app/Contents/Developer/Toolchains/XcodeDefault.xctoolchain/usr/bin

= User files collection ========================================================
Collecting user files from Vogsphere
Repository URL: auto-exam/2017/c-exam-beginner/practice-exam_20170314/jrasoloh2

= Git history ==================================================================
$> git -C /var/folders/x2/w4kkd_0s44z_sp65wcy5xxbh0000gq/T/tmpELYvoQ/user log --pretty='%H - %an, %ad : %s'
cb8abf60a4ab4de753cbb41ce324d1f6198d90b5 - Jossy RASOLOHARIJAONA, Tue Mar 14 15:35:22 2017 +0100 : ex03
8bd76982e591f1c3f4c8540a4d03e1208f059f65 - Jossy RASOLOHARIJAONA, Tue Mar 14 15:02:36 2017 +0100 : ex02
1de4e6a60f8645b469a1f8a3c878720e0b7b9411 - Jossy RASOLOHARIJAONA, Tue Mar 14 14:31:03 2017 +0100 : ex00
 
= Collected files ==========================================
$> ls -lAR /var/folders/x2/w4kkd_0s44z_sp65wcy5xxbh0000gq/T/tmpELYvoQ/user
total 8
-rw-r--r--  1 deepthought  deepthought  738 Mar 14 15:35 __GIT_HISTORY
drwxr-xr-x  3 deepthought  deepthought  102 Mar 14 15:35 maff_revalpha
drwxr-xr-x  3 deepthought  deepthought  102 Mar 14 15:35 reverse_bits
drwxr-xr-x  3 deepthought  deepthought  102 Mar 14 15:35 search_and_replace

/var/folders/x2/w4kkd_0s44z_sp65wcy5xxbh0000gq/T/tmpELYvoQ/user/maff_revalpha:
total 8
-rw-r--r--  1 deepthought  deepthought  98 Mar 14 15:35 maff_revalpha.c

/var/folders/x2/w4kkd_0s44z_sp65wcy5xxbh0000gq/T/tmpELYvoQ/user/reverse_bits:
total 8
-rw-r--r--  1 deepthought  deepthought  243 Mar 14 15:35 reverse_bits.c

/var/folders/x2/w4kkd_0s44z_sp65wcy5xxbh0000gq/T/tmpELYvoQ/user/search_and_replace:
total 8
-rw-r--r--  1 deepthought  deepthought  639 Mar 14 15:35 search_and_replace.c
 
= reverse_bits =================================================================
$> clang -Wextra -Wall -Werror main.c reverse_bits.c -o user_exe 

= Test 1 ===================================================
$> ./7lhjofum01i3etme8d6bnsli
$> diff -U 3 user_output_test1 test1.output | cat -e
--- user_output_test1	2017-03-14 15:35:42.000000000 +0100$
+++ test1.output	2017-03-14 15:35:42.000000000 +0100$
@@ -1,255 +1,255 @@$
 0$
-99$
-199$
-42$
-142$
-241$
-85$
-184$
-28$
-127$
-227$
-70$
-170$
-13$
-113$
-212$
-56$
-155$
-255$
-98$
-198$
-41$
-141$
-240$
-84$
-183$
-27$
-126$
-226$
-69$
-169$
-12$
+128$
+64$
+192$
+32$
+160$
+96$
+224$
+16$
+144$
+80$
+208$
+48$
+176$
 112$
-211$
-55$
-154$
-254$
-97$
-197$
+240$
+8$
+136$
+72$
+200$
 40$
-140$
-239$
-83$
-182$
-26$
-125$
-225$
-68$
 168$
-11$
-111$
-210$
-54$
-153$
-253$
-96$
+104$
+232$
+24$
+152$
+88$
+216$
+56$
+184$
+120$
+248$
+4$
+132$
+68$
 196$
-39$
-139$
-238$
-82$
-181$
-25$
+36$
+164$
+100$
+228$
+20$
+148$
+84$
+212$
+52$
+180$
+116$
+244$
+12$
+140$
+76$
+204$
+44$
+172$
+108$
+236$
+28$
+156$
+92$
+220$
+60$
+188$
 124$
-224$
-67$
-167$
-10$
-110$
-209$
-53$
-152$
 252$
-95$
-195$
-38$
-138$
-237$
-81$
-180$
-24$
-123$
-223$
+2$
+130$
 66$
-166$
-9$
-109$
-208$
-52$
-151$
-251$
-94$
 194$
-37$
-137$
-236$
-80$
-179$
-23$
-122$
-222$
-65$
-165$
-8$
-108$
-207$
-51$
-150$
-250$
-93$
-193$
-36$
-136$
-235$
-79$
-178$
-22$
-121$
-221$
-64$
-164$
-7$
-107$
-206$
+34$
+162$
+98$
+226$
+18$
+146$
+82$
+210$
 50$
-149$
-249$
-92$
-192$
-35$
-135$
+178$
+114$
+242$
+10$
+138$
+74$
+202$
+42$
+170$
+106$
 234$
-78$
-177$
-21$
-120$
-220$
-63$
-163$
+26$
+154$
+90$
+218$
+58$
+186$
+122$
+250$
 6$
-106$
-205$
-49$
-148$
-248$
-91$
-191$
-34$
 134$
-233$
-77$
-176$
-20$
-119$
-219$
+70$
+198$
+38$
+166$
+102$
+230$
+22$
+150$
+86$
+214$
+54$
+182$
+118$
+246$
+14$
+142$
+78$
+206$
+46$
+174$
+110$
+238$
+30$
+158$
+94$
+222$
 62$
-162$
-5$
-105$
-204$
-48$
-147$
-247$
-90$
 190$
+126$
+254$
+1$
+129$
+65$
+193$
 33$
-133$
-232$
-76$
-175$
-19$
-118$
-218$
-61$
 161$
-4$
-104$
-203$
-47$
-146$
-246$
+97$
+225$
+17$
+145$
+81$
+209$
+49$
+177$
+113$
+241$
+9$
+137$
+73$
+201$
+41$
+169$
+105$
+233$
+25$
+153$
 89$
-189$
-32$
-132$
-231$
-75$
-174$
-18$
-117$
 217$
-60$
-160$
-3$
-103$
-202$
-46$
-145$
+57$
+185$
+121$
+249$
+5$
+133$
+69$
+197$
+37$
+165$
+101$
+229$
+21$
+149$
+85$
+213$
+53$
+181$
+117$
 245$
-88$
-188$
-31$
-131$
-230$
-74$
-173$
-17$
-116$
-216$
-59$
-159$
-2$
-102$
-201$
+13$
+141$
+77$
+205$
 45$
-144$
-244$
-87$
-187$
-30$
-130$
-229$
-73$
-172$
-16$
+173$
+109$
+237$
+29$
+157$
+93$
+221$
+61$
+189$
+125$
+253$
+3$
+131$
+67$
+195$
+35$
+163$
+99$
+227$
+19$
+147$
+83$
+211$
+51$
+179$
 115$
-215$
-58$
-158$
-1$
-101$
-200$
-44$
-143$
 243$
-86$
-186$
-29$
-129$
-228$
-72$
+11$
+139$
+75$
+203$
+43$
 171$
-15$
-114$
-214$
-57$
-157$
-0$
-100$
+107$
+235$
+27$
+155$
+91$
+219$
+59$
+187$
+123$
+251$
+7$
+135$
+71$
 199$
-43$
-142$
-242$
-85$
-185$
+39$
+167$
+103$
+231$
+23$
+151$
+87$
+215$
+55$
+183$
+119$
+247$
+15$
+143$
+79$
+207$
+47$
+175$
+111$
+239$
+31$
+159$
+95$
+223$
+63$
+191$
+127$

Diff KO :(
Grade: 0

= Final grade: 0 ===============================================================
